<?xml version="1.0" encoding="UTF-8"?>
<!-- Generated by org.testng.reporters.JUnitReportReporter -->
<testsuite hostname="IN-PG02NME2" failures="0" tests="4" name="tests.LoginTests" time="51.271" errors="0" timestamp="2023-10-04T12:51:52 IST" skipped="0">
  <testcase classname="tests.LoginTests" name="verifyLoginWithInvalidCredentials" time="12.349"/>
  <system-out/>
  <testcase classname="tests.LoginTests" name="verifyLoginWithValidCredentials" time="14.501"/>
  <system-out/>
  <testcase classname="tests.LoginTests" name="verifyLoginWithValidUsernameAndInvalidPassword" time="12.451"/>
  <system-out/>
  <testcase classname="tests.LoginTests" name="verifyLoginWithInvalidUsernameAndValidPassword" time="11.970"/>
  <system-out/>
</testsuite> <!-- tests.LoginTests -->
